server(started, 1699170829).
/*Sun Nov 05 01:53:48 2023*/ request(1, 1699170828.606, [peer(ip(127,0,0,1)),method(get),request_uri(/),path(/),http_version(1-1),host(localhost),port(8000),connection('keep-alive'),sec_ch_ua('"Microsoft Edge";v="119", "Chromium";v="119", "Not?A_Brand";v="24"'),sec_ch_ua_mobile('?0'),sec_ch_ua_platform('"Windows"'),upgrade_insecure_requests('1'),user_agent('Mozilla/5.0 (Windows NT 10.0; Win64; x64) AppleWebKit/537.36 (KHTML, like Gecko) Chrome/119.0.0.0 Safari/537.36 Edg/119.0.0.0'),sec_fetch_site(none),sec_fetch_mode(navigate),sec_fetch_user('?1'),sec_fetch_dest(document),cookie(['next-auth.session-token'='eyJhbGciOiJkaXIiLCJlbmMiOiJBMjU2R0NNIn0..7DeNmGlCYXH0wuCI.0sCKQxC7VHindK7EeT48162vUQ7GfdVHFzfbIFXfOazQT0evAHU6swUv4naVDb4hMlTmRgMBksfwJRx0LUrQC-a4nQ9VonvDiOyZgvEDXeZVRIvShg3Zp9slZMP86HQsSdi0PDovRTKeQU-288p8M6t5L8alWBAEmOCPxIMXc2UB29_3moB7qmUf0Gr4smEy_AHQMBQVt-SNOJqiBBMI1KeMFmoXUxgBhDNaDTZy8-_bLvTFpQPhFTG0pE-GusvmnYYRgFnuGM5411xOu8QEaLYA7XryJdBb3ALotW50lE5n5qYwiRUNnp1PNY0uuUU.A5PXPXfswNyNSHQKA5H9iA'])]).
completed(1, 0.03125000000000001, 371, 500, error("home/1: Unknown procedure: reply_html_page/2")).
/*Sun Nov 05 01:53:48 2023*/ request(2, 1699170828.970, [peer(ip(127,0,0,1)),method(get),request_uri('/favicon.ico'),path('/favicon.ico'),http_version(1-1),host(localhost),port(8000),connection('keep-alive'),sec_ch_ua('"Microsoft Edge";v="119", "Chromium";v="119", "Not?A_Brand";v="24"'),sec_ch_ua_mobile('?0'),user_agent('Mozilla/5.0 (Windows NT 10.0; Win64; x64) AppleWebKit/537.36 (KHTML, like Gecko) Chrome/119.0.0.0 Safari/537.36 Edg/119.0.0.0'),sec_ch_ua_platform('"Windows"'),sec_fetch_site('same-origin'),sec_fetch_mode('no-cors'),sec_fetch_dest(image),referer('http://localhost:8000/'),cookie(['next-auth.session-token'='eyJhbGciOiJkaXIiLCJlbmMiOiJBMjU2R0NNIn0..7DeNmGlCYXH0wuCI.0sCKQxC7VHindK7EeT48162vUQ7GfdVHFzfbIFXfOazQT0evAHU6swUv4naVDb4hMlTmRgMBksfwJRx0LUrQC-a4nQ9VonvDiOyZgvEDXeZVRIvShg3Zp9slZMP86HQsSdi0PDovRTKeQU-288p8M6t5L8alWBAEmOCPxIMXc2UB29_3moB7qmUf0Gr4smEy_AHQMBQVt-SNOJqiBBMI1KeMFmoXUxgBhDNaDTZy8-_bLvTFpQPhFTG0pE-GusvmnYYRgFnuGM5411xOu8QEaLYA7XryJdBb3ALotW50lE5n5qYwiRUNnp1PNY0uuUU.A5PXPXfswNyNSHQKA5H9iA'])]).
completed(2, 0.0, 93, 404, error(404,'/favicon.ico')).
/*Sun Nov 05 01:53:56 2023*/ request(3, 1699170836.710, [peer(ip(127,0,0,1)),method(get),request_uri(/),path(/),http_version(1-1),host(localhost),port(8000),connection('keep-alive'),cache_control('max-age=0'),sec_ch_ua('"Microsoft Edge";v="119", "Chromium";v="119", "Not?A_Brand";v="24"'),sec_ch_ua_mobile('?0'),sec_ch_ua_platform('"Windows"'),upgrade_insecure_requests('1'),user_agent('Mozilla/5.0 (Windows NT 10.0; Win64; x64) AppleWebKit/537.36 (KHTML, like Gecko) Chrome/119.0.0.0 Safari/537.36 Edg/119.0.0.0'),sec_fetch_site(none),sec_fetch_mode(navigate),sec_fetch_user('?1'),sec_fetch_dest(document),cookie(['next-auth.session-token'='eyJhbGciOiJkaXIiLCJlbmMiOiJBMjU2R0NNIn0..7DeNmGlCYXH0wuCI.0sCKQxC7VHindK7EeT48162vUQ7GfdVHFzfbIFXfOazQT0evAHU6swUv4naVDb4hMlTmRgMBksfwJRx0LUrQC-a4nQ9VonvDiOyZgvEDXeZVRIvShg3Zp9slZMP86HQsSdi0PDovRTKeQU-288p8M6t5L8alWBAEmOCPxIMXc2UB29_3moB7qmUf0Gr4smEy_AHQMBQVt-SNOJqiBBMI1KeMFmoXUxgBhDNaDTZy8-_bLvTFpQPhFTG0pE-GusvmnYYRgFnuGM5411xOu8QEaLYA7XryJdBb3ALotW50lE5n5qYwiRUNnp1PNY0uuUU.A5PXPXfswNyNSHQKA5H9iA'])]).
completed(3, 0.0, 371, 500, error("home/1: Unknown procedure: reply_html_page/2")).
/*Sun Nov 05 01:54:59 2023*/ request(4, 1699170899.158, [peer(ip(127,0,0,1)),method(get),request_uri(/),path(/),http_version(1-1),host(localhost),port(8000),connection('keep-alive'),sec_ch_ua('"Microsoft Edge";v="119", "Chromium";v="119", "Not?A_Brand";v="24"'),sec_ch_ua_mobile('?0'),sec_ch_ua_platform('"Windows"'),upgrade_insecure_requests('1'),user_agent('Mozilla/5.0 (Windows NT 10.0; Win64; x64) AppleWebKit/537.36 (KHTML, like Gecko) Chrome/119.0.0.0 Safari/537.36 Edg/119.0.0.0'),sec_fetch_site(none),sec_fetch_mode(navigate),sec_fetch_user('?1'),sec_fetch_dest(document),cookie(['next-auth.session-token'='eyJhbGciOiJkaXIiLCJlbmMiOiJBMjU2R0NNIn0..7DeNmGlCYXH0wuCI.0sCKQxC7VHindK7EeT48162vUQ7GfdVHFzfbIFXfOazQT0evAHU6swUv4naVDb4hMlTmRgMBksfwJRx0LUrQC-a4nQ9VonvDiOyZgvEDXeZVRIvShg3Zp9slZMP86HQsSdi0PDovRTKeQU-288p8M6t5L8alWBAEmOCPxIMXc2UB29_3moB7qmUf0Gr4smEy_AHQMBQVt-SNOJqiBBMI1KeMFmoXUxgBhDNaDTZy8-_bLvTFpQPhFTG0pE-GusvmnYYRgFnuGM5411xOu8QEaLYA7XryJdBb3ALotW50lE5n5qYwiRUNnp1PNY0uuUU.A5PXPXfswNyNSHQKA5H9iA'])]).
completed(4, 0.0, 371, 500, error("home/1: Unknown procedure: reply_html_page/2")).
/*Sun Nov 05 01:55:03 2023*/ request(5, 1699170903.445, [peer(ip(127,0,0,1)),method(get),request_uri(/),path(/),http_version(1-1),host(localhost),port(8000),connection('keep-alive'),cache_control('max-age=0'),sec_ch_ua('"Microsoft Edge";v="119", "Chromium";v="119", "Not?A_Brand";v="24"'),sec_ch_ua_mobile('?0'),sec_ch_ua_platform('"Windows"'),upgrade_insecure_requests('1'),user_agent('Mozilla/5.0 (Windows NT 10.0; Win64; x64) AppleWebKit/537.36 (KHTML, like Gecko) Chrome/119.0.0.0 Safari/537.36 Edg/119.0.0.0'),sec_fetch_site(none),sec_fetch_mode(navigate),sec_fetch_user('?1'),sec_fetch_dest(document),cookie(['next-auth.session-token'='eyJhbGciOiJkaXIiLCJlbmMiOiJBMjU2R0NNIn0..7DeNmGlCYXH0wuCI.0sCKQxC7VHindK7EeT48162vUQ7GfdVHFzfbIFXfOazQT0evAHU6swUv4naVDb4hMlTmRgMBksfwJRx0LUrQC-a4nQ9VonvDiOyZgvEDXeZVRIvShg3Zp9slZMP86HQsSdi0PDovRTKeQU-288p8M6t5L8alWBAEmOCPxIMXc2UB29_3moB7qmUf0Gr4smEy_AHQMBQVt-SNOJqiBBMI1KeMFmoXUxgBhDNaDTZy8-_bLvTFpQPhFTG0pE-GusvmnYYRgFnuGM5411xOu8QEaLYA7XryJdBb3ALotW50lE5n5qYwiRUNnp1PNY0uuUU.A5PXPXfswNyNSHQKA5H9iA'])]).
completed(5, 0.0, 371, 500, error("home/1: Unknown procedure: reply_html_page/2")).
/*Sun Nov 05 01:55:04 2023*/ request(6, 1699170904.344, [peer(ip(127,0,0,1)),method(get),request_uri(/),path(/),http_version(1-1),host(localhost),port(8000),connection('keep-alive'),cache_control('max-age=0'),sec_ch_ua('"Microsoft Edge";v="119", "Chromium";v="119", "Not?A_Brand";v="24"'),sec_ch_ua_mobile('?0'),sec_ch_ua_platform('"Windows"'),upgrade_insecure_requests('1'),user_agent('Mozilla/5.0 (Windows NT 10.0; Win64; x64) AppleWebKit/537.36 (KHTML, like Gecko) Chrome/119.0.0.0 Safari/537.36 Edg/119.0.0.0'),sec_fetch_site(none),sec_fetch_mode(navigate),sec_fetch_user('?1'),sec_fetch_dest(document),cookie(['next-auth.session-token'='eyJhbGciOiJkaXIiLCJlbmMiOiJBMjU2R0NNIn0..7DeNmGlCYXH0wuCI.0sCKQxC7VHindK7EeT48162vUQ7GfdVHFzfbIFXfOazQT0evAHU6swUv4naVDb4hMlTmRgMBksfwJRx0LUrQC-a4nQ9VonvDiOyZgvEDXeZVRIvShg3Zp9slZMP86HQsSdi0PDovRTKeQU-288p8M6t5L8alWBAEmOCPxIMXc2UB29_3moB7qmUf0Gr4smEy_AHQMBQVt-SNOJqiBBMI1KeMFmoXUxgBhDNaDTZy8-_bLvTFpQPhFTG0pE-GusvmnYYRgFnuGM5411xOu8QEaLYA7XryJdBb3ALotW50lE5n5qYwiRUNnp1PNY0uuUU.A5PXPXfswNyNSHQKA5H9iA'])]).
completed(6, 0.0, 371, 500, error("home/1: Unknown procedure: reply_html_page/2")).
/*Sun Nov 05 01:55:04 2023*/ request(7, 1699170904.652, [peer(ip(127,0,0,1)),method(get),request_uri(/),path(/),http_version(1-1),host(localhost),port(8000),connection('keep-alive'),cache_control('max-age=0'),sec_ch_ua('"Microsoft Edge";v="119", "Chromium";v="119", "Not?A_Brand";v="24"'),sec_ch_ua_mobile('?0'),sec_ch_ua_platform('"Windows"'),upgrade_insecure_requests('1'),user_agent('Mozilla/5.0 (Windows NT 10.0; Win64; x64) AppleWebKit/537.36 (KHTML, like Gecko) Chrome/119.0.0.0 Safari/537.36 Edg/119.0.0.0'),sec_fetch_site(none),sec_fetch_mode(navigate),sec_fetch_user('?1'),sec_fetch_dest(document),cookie(['next-auth.session-token'='eyJhbGciOiJkaXIiLCJlbmMiOiJBMjU2R0NNIn0..7DeNmGlCYXH0wuCI.0sCKQxC7VHindK7EeT48162vUQ7GfdVHFzfbIFXfOazQT0evAHU6swUv4naVDb4hMlTmRgMBksfwJRx0LUrQC-a4nQ9VonvDiOyZgvEDXeZVRIvShg3Zp9slZMP86HQsSdi0PDovRTKeQU-288p8M6t5L8alWBAEmOCPxIMXc2UB29_3moB7qmUf0Gr4smEy_AHQMBQVt-SNOJqiBBMI1KeMFmoXUxgBhDNaDTZy8-_bLvTFpQPhFTG0pE-GusvmnYYRgFnuGM5411xOu8QEaLYA7XryJdBb3ALotW50lE5n5qYwiRUNnp1PNY0uuUU.A5PXPXfswNyNSHQKA5H9iA'])]).
completed(7, 0.0, 371, 500, error("home/1: Unknown procedure: reply_html_page/2")).
/*Sun Nov 05 01:55:04 2023*/ request(8, 1699170904.803, [peer(ip(127,0,0,1)),method(get),request_uri(/),path(/),http_version(1-1),host(localhost),port(8000),connection('keep-alive'),cache_control('max-age=0'),sec_ch_ua('"Microsoft Edge";v="119", "Chromium";v="119", "Not?A_Brand";v="24"'),sec_ch_ua_mobile('?0'),sec_ch_ua_platform('"Windows"'),upgrade_insecure_requests('1'),user_agent('Mozilla/5.0 (Windows NT 10.0; Win64; x64) AppleWebKit/537.36 (KHTML, like Gecko) Chrome/119.0.0.0 Safari/537.36 Edg/119.0.0.0'),sec_fetch_site(none),sec_fetch_mode(navigate),sec_fetch_user('?1'),sec_fetch_dest(document),cookie(['next-auth.session-token'='eyJhbGciOiJkaXIiLCJlbmMiOiJBMjU2R0NNIn0..7DeNmGlCYXH0wuCI.0sCKQxC7VHindK7EeT48162vUQ7GfdVHFzfbIFXfOazQT0evAHU6swUv4naVDb4hMlTmRgMBksfwJRx0LUrQC-a4nQ9VonvDiOyZgvEDXeZVRIvShg3Zp9slZMP86HQsSdi0PDovRTKeQU-288p8M6t5L8alWBAEmOCPxIMXc2UB29_3moB7qmUf0Gr4smEy_AHQMBQVt-SNOJqiBBMI1KeMFmoXUxgBhDNaDTZy8-_bLvTFpQPhFTG0pE-GusvmnYYRgFnuGM5411xOu8QEaLYA7XryJdBb3ALotW50lE5n5qYwiRUNnp1PNY0uuUU.A5PXPXfswNyNSHQKA5H9iA'])]).
completed(8, 0.0, 371, 500, error("home/1: Unknown procedure: reply_html_page/2")).
/*Sun Nov 05 01:55:05 2023*/ request(9, 1699170905.104, [peer(ip(127,0,0,1)),method(get),request_uri(/),path(/),http_version(1-1),host(localhost),port(8000),connection('keep-alive'),cache_control('max-age=0'),sec_ch_ua('"Microsoft Edge";v="119", "Chromium";v="119", "Not?A_Brand";v="24"'),sec_ch_ua_mobile('?0'),sec_ch_ua_platform('"Windows"'),upgrade_insecure_requests('1'),user_agent('Mozilla/5.0 (Windows NT 10.0; Win64; x64) AppleWebKit/537.36 (KHTML, like Gecko) Chrome/119.0.0.0 Safari/537.36 Edg/119.0.0.0'),sec_fetch_site(none),sec_fetch_mode(navigate),sec_fetch_user('?1'),sec_fetch_dest(document),cookie(['next-auth.session-token'='eyJhbGciOiJkaXIiLCJlbmMiOiJBMjU2R0NNIn0..7DeNmGlCYXH0wuCI.0sCKQxC7VHindK7EeT48162vUQ7GfdVHFzfbIFXfOazQT0evAHU6swUv4naVDb4hMlTmRgMBksfwJRx0LUrQC-a4nQ9VonvDiOyZgvEDXeZVRIvShg3Zp9slZMP86HQsSdi0PDovRTKeQU-288p8M6t5L8alWBAEmOCPxIMXc2UB29_3moB7qmUf0Gr4smEy_AHQMBQVt-SNOJqiBBMI1KeMFmoXUxgBhDNaDTZy8-_bLvTFpQPhFTG0pE-GusvmnYYRgFnuGM5411xOu8QEaLYA7XryJdBb3ALotW50lE5n5qYwiRUNnp1PNY0uuUU.A5PXPXfswNyNSHQKA5H9iA'])]).
completed(9, 0.0, 371, 500, error("home/1: Unknown procedure: reply_html_page/2")).
server(stopped, 1699172230).
server(started, 1699172888).
/*Sun Nov 05 02:28:08 2023*/ request(1, 1699172888.291, [peer(ip(127,0,0,1)),method(post),request_uri('/compile'),path('/compile'),http_version(1-1),host(localhost),port(8000),connection('keep-alive'),content_type('application/json'),sec_fetch_mode(cors),user_agent(node),content_length(190)]).
completed(1, 0.0, 65, 200, ok).
/*Sun Nov 05 02:29:10 2023*/ request(2, 1699172950.577, [peer(ip(127,0,0,1)),method(post),request_uri('/compile'),path('/compile'),http_version(1-1),host(localhost),port(8000),connection('keep-alive'),content_type('application/json'),sec_fetch_mode(cors),user_agent(node),content_length(190)]).
completed(2, 0.0, 65, 200, ok).
/*Sun Nov 05 02:32:33 2023*/ request(3, 1699173153.999, [peer(ip(127,0,0,1)),method(post),request_uri('/compile'),path('/compile'),http_version(1-1),host(localhost),port(8000),connection('keep-alive'),content_type('application/json'),sec_fetch_mode(cors),user_agent(node),content_length(190)]).
completed(3, 0.0, 65, 200, ok).
/*Sun Nov 05 02:34:06 2023*/ request(4, 1699173246.074, [peer(ip(127,0,0,1)),method(post),request_uri('/compile'),path('/compile'),http_version(1-1),host(localhost),port(8000),connection('keep-alive'),content_type('application/json'),sec_fetch_mode(cors),user_agent(node),content_length(190)]).
completed(4, 0.0, 65, 200, ok).
/*Sun Nov 05 02:35:43 2023*/ request(5, 1699173343.956, [peer(ip(127,0,0,1)),method(post),request_uri('/compile'),path('/compile'),http_version(1-1),host(localhost),port(8000),connection('keep-alive'),content_type('application/json'),sec_fetch_mode(cors),user_agent(node),content_length(190)]).
completed(5, 0.015625, 65, 200, ok).
/*Sun Nov 05 02:36:17 2023*/ request(6, 1699173377.664, [peer(ip(127,0,0,1)),method(post),request_uri('/compile'),path('/compile'),http_version(1-1),host(localhost),port(8000),connection('keep-alive'),content_type('application/json'),sec_fetch_mode(cors),user_agent(node),content_length(190)]).
completed(6, 0.0, 65, 200, ok).
/*Sun Nov 05 02:36:40 2023*/ request(7, 1699173400.825, [peer(ip(127,0,0,1)),method(post),request_uri('/compile'),path('/compile'),http_version(1-1),host(localhost),port(8000),connection('keep-alive'),content_type('application/json'),sec_fetch_mode(cors),user_agent(node),content_length(190)]).
completed(7, 0.0, 65, 200, ok).
/*Sun Nov 05 02:36:44 2023*/ request(8, 1699173404.629, [peer(ip(127,0,0,1)),method(post),request_uri('/compile'),path('/compile'),http_version(1-1),host(localhost),port(8000),connection('keep-alive'),content_type('application/json'),sec_fetch_mode(cors),user_agent(node),content_length(190)]).
completed(8, 0.0, 65, 200, ok).
/*Sun Nov 05 02:37:02 2023*/ request(9, 1699173422.398, [peer(ip(127,0,0,1)),method(post),request_uri('/compile'),path('/compile'),http_version(1-1),host(localhost),port(8000),connection('keep-alive'),content_type('application/json'),sec_fetch_mode(cors),user_agent(node),content_length(190)]).
completed(9, 0.0, 65, 200, ok).
/*Sun Nov 05 02:37:06 2023*/ request(10, 1699173426.318, [peer(ip(127,0,0,1)),method(post),request_uri('/compile'),path('/compile'),http_version(1-1),host(localhost),port(8000),connection('keep-alive'),content_type('application/json'),sec_fetch_mode(cors),user_agent(node),content_length(190)]).
completed(10, 0.0, 65, 200, ok).
/*Sun Nov 05 02:37:27 2023*/ request(11, 1699173447.863, [peer(ip(127,0,0,1)),method(post),request_uri('/compile'),path('/compile'),http_version(1-1),host(localhost),port(8000),connection('keep-alive'),content_type('application/json'),sec_fetch_mode(cors),user_agent(node),content_length(190)]).
completed(11, 0.0, 65, 200, ok).
/*Sun Nov 05 02:38:20 2023*/ request(12, 1699173500.445, [peer(ip(127,0,0,1)),method(post),request_uri('/compile'),path('/compile'),http_version(1-1),host(localhost),port(8000),connection('keep-alive'),content_type('application/json'),sec_fetch_mode(cors),user_agent(node),content_length(190)]).
completed(12, 0.0, 65, 200, ok).
/*Sun Nov 05 02:41:26 2023*/ request(13, 1699173686.652, [peer(ip(127,0,0,1)),method(post),request_uri('/compile'),path('/compile'),http_version(1-1),host(localhost),port(8000),connection('keep-alive'),content_type('application/json'),sec_fetch_mode(cors),user_agent(node),content_length(190)]).
completed(13, 0.0, 65, 200, ok).
/*Sun Nov 05 02:43:23 2023*/ request(14, 1699173803.479, [peer(ip(127,0,0,1)),method(post),request_uri('/compile'),path('/compile'),http_version(1-1),host(localhost),port(8000),user_agent('insomnia/2023.5.8'),content_type('application/json'),content_length(46)]).
completed(14, 0.015624999999999986, 65, 200, ok).
/*Sun Nov 05 02:43:31 2023*/ request(15, 1699173811.049, [peer(ip(127,0,0,1)),method(post),request_uri('/compile'),path('/compile'),http_version(1-1),host(localhost),port(8000),user_agent('insomnia/2023.5.8'),content_type('application/json'),content_length(48)]).
completed(15, 0.0, 65, 200, ok).
/*Sun Nov 05 02:43:37 2023*/ request(16, 1699173817.362, [peer(ip(127,0,0,1)),method(post),request_uri('/compile'),path('/compile'),http_version(1-1),host(localhost),port(8000),user_agent('insomnia/2023.5.8'),content_type('application/json'),content_length(48)]).
completed(16, 0.0, 65, 200, ok).
/*Sun Nov 05 02:43:43 2023*/ request(17, 1699173823.198, [peer(ip(127,0,0,1)),method(post),request_uri('/compile'),path('/compile'),http_version(1-1),host(localhost),port(8000),user_agent('insomnia/2023.5.8'),content_type('application/json'),content_length(46)]).
completed(17, 0.0, 65, 200, ok).
/*Sun Nov 05 02:43:45 2023*/ request(18, 1699173825.394, [peer(ip(127,0,0,1)),method(post),request_uri('/compile'),path('/compile'),http_version(1-1),host(localhost),port(8000),user_agent('insomnia/2023.5.8'),content_type('application/json'),content_length(46)]).
completed(18, 0.0, 65, 200, ok).
/*Sun Nov 05 02:43:46 2023*/ request(19, 1699173826.487, [peer(ip(127,0,0,1)),method(post),request_uri('/compile'),path('/compile'),http_version(1-1),host(localhost),port(8000),user_agent('insomnia/2023.5.8'),content_type('application/json'),content_length(46)]).
completed(19, 0.0, 65, 200, ok).
/*Sun Nov 05 02:43:47 2023*/ request(20, 1699173827.074, [peer(ip(127,0,0,1)),method(post),request_uri('/compile'),path('/compile'),http_version(1-1),host(localhost),port(8000),user_agent('insomnia/2023.5.8'),content_type('application/json'),content_length(46)]).
completed(20, 0.0, 65, 200, ok).
/*Sun Nov 05 02:46:29 2023*/ request(21, 1699173989.485, [peer(ip(127,0,0,1)),method(post),request_uri('/compile'),path('/compile'),http_version(1-1),host(localhost),port(8000),connection('keep-alive'),content_type('application/json'),sec_fetch_mode(cors),user_agent(node),content_length(190)]).
completed(21, 0.0, 65, 200, ok).
/*Sun Nov 05 02:46:58 2023*/ request(22, 1699174018.005, [peer(ip(127,0,0,1)),method(post),request_uri('/compile'),path('/compile'),http_version(1-1),host(localhost),port(8000),connection('keep-alive'),content_type('application/json'),sec_fetch_mode(cors),user_agent(node),content_length(190)]).
completed(22, 0.0, 65, 200, ok).
/*Sun Nov 05 02:47:31 2023*/ request(23, 1699174051.876, [peer(ip(127,0,0,1)),method(post),request_uri('/compile'),path('/compile'),http_version(1-1),host(localhost),port(8000),connection('keep-alive'),content_type('application/json'),sec_fetch_mode(cors),user_agent(node),content_length(7)]).
completed(23, 0.0, 65, 200, ok).
/*Sun Nov 05 02:47:45 2023*/ request(24, 1699174065.655, [peer(ip(127,0,0,1)),method(post),request_uri('/compile'),path('/compile'),http_version(1-1),host(localhost),port(8000),connection('keep-alive'),content_type('application/json'),sec_fetch_mode(cors),user_agent(node),content_length(190)]).
completed(24, 0.0, 65, 200, ok).
/*Sun Nov 05 02:48:36 2023*/ request(25, 1699174116.114, [peer(ip(127,0,0,1)),method(post),request_uri('/compile'),path('/compile'),http_version(1-1),host(localhost),port(8000),connection('keep-alive'),content_type('application/json'),sec_fetch_mode(cors),user_agent(node),content_length(190)]).
completed(25, 0.0, 65, 200, ok).
/*Sun Nov 05 02:48:42 2023*/ request(26, 1699174122.244, [peer(ip(127,0,0,1)),method(post),request_uri('/compile'),path('/compile'),http_version(1-1),host(localhost),port(8000),connection('keep-alive'),content_type('application/json'),sec_fetch_mode(cors),user_agent(node),content_length(190)]).
completed(26, 0.0, 65, 200, ok).
/*Sun Nov 05 02:48:57 2023*/ request(27, 1699174137.586, [peer(ip(127,0,0,1)),method(post),request_uri('/compile'),path('/compile'),http_version(1-1),host(localhost),port(8000),connection('keep-alive'),content_type('application/json'),sec_fetch_mode(cors),user_agent(node),content_length(190)]).
completed(27, 0.0, 65, 200, ok).
/*Sun Nov 05 02:51:47 2023*/ request(28, 1699174307.705, [peer(ip(127,0,0,1)),method(post),request_uri('/compile'),path('/compile'),http_version(1-1),host(localhost),port(8000),connection('keep-alive'),content_type('application/json'),sec_fetch_mode(cors),user_agent(node),content_length(7)]).
completed(28, 0.0, 65, 200, ok).
/*Sun Nov 05 02:51:57 2023*/ request(29, 1699174317.002, [peer(ip(127,0,0,1)),method(post),request_uri('/compile'),path('/compile'),http_version(1-1),host(localhost),port(8000),connection('keep-alive'),content_type('application/json'),sec_fetch_mode(cors),user_agent(node),content_length(7)]).
completed(29, 0.0, 65, 200, ok).
/*Sun Nov 05 02:52:20 2023*/ request(30, 1699174340.019, [peer(ip(127,0,0,1)),method(post),request_uri('/compile'),path('/compile'),http_version(1-1),host(localhost),port(8000),connection('keep-alive'),content_type('application/json'),sec_fetch_mode(cors),user_agent(node),content_length(18)]).
completed(30, 0.0, 65, 200, ok).
/*Sun Nov 05 02:58:12 2023*/ request(31, 1699174692.020, [peer(ip(127,0,0,1)),method(post),request_uri('/compile'),path('/compile'),http_version(1-1),host(localhost),port(8000),connection('keep-alive'),content_type('application/json'),sec_fetch_mode(cors),user_agent(node),content_length(7)]).
completed(31, 0.0, 65, 200, ok).
/*Sun Nov 05 02:58:23 2023*/ request(32, 1699174703.693, [peer(ip(127,0,0,1)),method(post),request_uri('/compile'),path('/compile'),http_version(1-1),host(localhost),port(8000),connection('keep-alive'),content_type('application/json'),sec_fetch_mode(cors),user_agent(node),content_length(7)]).
completed(32, 0.0, 65, 200, ok).
/*Sun Nov 05 03:00:40 2023*/ request(33, 1699174840.566, [peer(ip(127,0,0,1)),method(post),request_uri('/compile'),path('/compile'),http_version(1-1),host(localhost),port(8000),connection('keep-alive'),content_type('application/json'),sec_fetch_mode(cors),user_agent(node),content_length(7)]).
completed(33, 0.0, 65, 200, ok).
/*Sun Nov 05 03:00:51 2023*/ request(34, 1699174851.313, [peer(ip(127,0,0,1)),method(post),request_uri('/compile'),path('/compile'),http_version(1-1),host(localhost),port(8000),connection('keep-alive'),content_type('application/json'),sec_fetch_mode(cors),user_agent(node),content_length(7)]).
completed(34, 0.015625, 65, 200, ok).
/*Sun Nov 05 03:03:53 2023*/ request(35, 1699175033.723, [peer(ip(127,0,0,1)),method(post),request_uri('/compile'),path('/compile'),http_version(1-1),host(localhost),port(8000),connection('keep-alive'),content_type('application/json'),sec_fetch_mode(cors),user_agent(node),content_length(18)]).
completed(35, 0.0, 65, 200, ok).
/*Sun Nov 05 03:04:19 2023*/ request(36, 1699175059.733, [peer(ip(127,0,0,1)),method(post),request_uri('/compile'),path('/compile'),http_version(1-1),host(localhost),port(8000),connection('keep-alive'),content_type('application/json'),sec_fetch_mode(cors),user_agent(node),content_length(20)]).
completed(36, 0.0, 65, 200, ok).
/*Sun Nov 05 03:05:54 2023*/ request(37, 1699175154.854, [peer(ip(127,0,0,1)),method(post),request_uri('/compile'),path('/compile'),http_version(1-1),host(localhost),port(8000),connection('keep-alive'),content_type('application/json'),sec_fetch_mode(cors),user_agent(node),content_length(18)]).
completed(37, 0.0, 65, 200, ok).
/*Sun Nov 05 03:06:20 2023*/ request(38, 1699175180.250, [peer(ip(127,0,0,1)),method(post),request_uri('/compile'),path('/compile'),http_version(1-1),host(localhost),port(8000),connection('keep-alive'),content_type('application/json'),sec_fetch_mode(cors),user_agent(node),content_length(18)]).
completed(38, 0.0, 65, 200, ok).
/*Sun Nov 05 03:08:32 2023*/ request(39, 1699175312.855, [peer(ip(127,0,0,1)),method(post),request_uri('/compile'),path('/compile'),http_version(1-1),host(localhost),port(8000),connection('keep-alive'),content_type('application/json'),sec_fetch_mode(cors),user_agent(node),content_length(27)]).
completed(39, 0.0, 65, 200, ok).
/*Sun Nov 05 03:09:02 2023*/ request(40, 1699175342.637, [peer(ip(127,0,0,1)),method(post),request_uri('/compile'),path('/compile'),http_version(1-1),host(localhost),port(8000),connection('keep-alive'),content_type('application/json'),sec_fetch_mode(cors),user_agent(node),content_length(27)]).
completed(40, 0.0, 65, 200, ok).
/*Sun Nov 05 03:10:36 2023*/ request(41, 1699175436.809, [peer(ip(127,0,0,1)),method(post),request_uri('/compile'),path('/compile'),http_version(1-1),host(localhost),port(8000),connection('keep-alive'),content_type('application/json'),sec_fetch_mode(cors),user_agent(node),content_length(19)]).
completed(41, 0.0, 65, 200, ok).
/*Sun Nov 05 03:11:38 2023*/ request(42, 1699175498.819, [peer(ip(127,0,0,1)),method(post),request_uri('/compile'),path('/compile'),http_version(1-1),host(localhost),port(8000),connection('keep-alive'),content_type('application/json'),sec_fetch_mode(cors),user_agent(node),content_length(202)]).
completed(42, 0.0, 65, 200, ok).
/*Sun Nov 05 12:27:55 2023*/ request(43, 1699208875.602, [peer(ip(127,0,0,1)),method(post),request_uri('/compile'),path('/compile'),http_version(1-1),host(localhost),port(8000),connection('keep-alive'),content_type('application/json'),sec_fetch_mode(cors),user_agent(node),content_length(202)]).
completed(43, 0.0, 65, 200, ok).
/*Sun Nov 05 12:28:06 2023*/ request(44, 1699208886.268, [peer(ip(127,0,0,1)),method(post),request_uri('/compile'),path('/compile'),http_version(1-1),host(localhost),port(8000),connection('keep-alive'),content_type('application/json'),sec_fetch_mode(cors),user_agent(node),content_length(202)]).
completed(44, 0.0, 65, 200, ok).
/*Sun Nov 05 12:28:14 2023*/ request(45, 1699208894.750, [peer(ip(127,0,0,1)),method(post),request_uri('/compile'),path('/compile'),http_version(1-1),host(localhost),port(8000),connection('keep-alive'),content_type('application/json'),sec_fetch_mode(cors),user_agent(node),content_length(202)]).
completed(45, 0.0, 65, 200, ok).
/*Sun Nov 05 12:28:16 2023*/ request(46, 1699208896.246, [peer(ip(127,0,0,1)),method(post),request_uri('/compile'),path('/compile'),http_version(1-1),host(localhost),port(8000),connection('keep-alive'),content_type('application/json'),sec_fetch_mode(cors),user_agent(node),content_length(202)]).
completed(46, 0.0, 65, 200, ok).
/*Sun Nov 05 12:28:17 2023*/ request(47, 1699208897.550, [peer(ip(127,0,0,1)),method(post),request_uri('/compile'),path('/compile'),http_version(1-1),host(localhost),port(8000),connection('keep-alive'),content_type('application/json'),sec_fetch_mode(cors),user_agent(node),content_length(202)]).
completed(47, 0.0, 65, 200, ok).
/*Sun Nov 05 12:28:18 2023*/ request(48, 1699208898.963, [peer(ip(127,0,0,1)),method(post),request_uri('/compile'),path('/compile'),http_version(1-1),host(localhost),port(8000),connection('keep-alive'),content_type('application/json'),sec_fetch_mode(cors),user_agent(node),content_length(202)]).
completed(48, 0.0, 65, 200, ok).
/*Sun Nov 05 12:28:20 2023*/ request(49, 1699208900.540, [peer(ip(127,0,0,1)),method(post),request_uri('/compile'),path('/compile'),http_version(1-1),host(localhost),port(8000),connection('keep-alive'),content_type('application/json'),sec_fetch_mode(cors),user_agent(node),content_length(202)]).
completed(49, 0.0, 65, 200, ok).
/*Sun Nov 05 12:28:22 2023*/ request(50, 1699208902.406, [peer(ip(127,0,0,1)),method(post),request_uri('/compile'),path('/compile'),http_version(1-1),host(localhost),port(8000),connection('keep-alive'),content_type('application/json'),sec_fetch_mode(cors),user_agent(node),content_length(202)]).
completed(50, 0.0, 65, 200, ok).
/*Sun Nov 05 12:29:48 2023*/ request(51, 1699208988.452, [peer(ip(127,0,0,1)),method(post),request_uri('/compile'),path('/compile'),http_version(1-1),host(localhost),port(8000),connection('keep-alive'),content_type('application/json'),sec_fetch_mode(cors),user_agent(node),content_length(202)]).
completed(51, 0.0, 65, 200, ok).
